Case #1: OJYXOC
Case #2: AXJUMBA
Case #3: BICEUJY
Case #4: BKWBVWB
Case #5: JOWXHM
Case #6: ADUGRXA
Case #7: BTKURNL
Case #8: ANWVRZV
Case #9: AVVVBQG
Case #10: UHCXZK
Case #11: ACAIFSO
Case #12: BACDIPV
Case #13: ISZXYJ
Case #14: BFQYWAK
Case #15: BAWKKOL
Case #16: AJDBQDO
Case #17: BKSKKUI
Case #18: BNJXQKO
Case #19: QMYION
Case #20: NIASWU
Case #21: BWAMOHO
Case #22: BEFBBEF
Case #23: WQTQLL
Case #24: BREUTDC
Case #25: EEDVIG
Case #26: CDFIBNA
Case #27: BGWFJAP
Case #28: AZVEQWS
Case #29: KLIPVB
Case #30: AHWLUQX
Case #31: BRVDJEA
Case #32: VUPCPJ
Case #33: ALBGAVY
Case #34: VAJNVT
Case #35: CCRYXGE
Case #36: STIHUA
Case #37: BPKQBKS
Case #38: BYDCMVB
Case #39: AQFOPVT
Case #40: ABWECDJ
Case #41: GRBZJT
Case #42: AEAOTHZ
Case #43: BWSTUJO
Case #44: ZNXPAR
Case #45: BDLLSEN
Case #46: OXGDNR
Case #47: UFXUGD
Case #48: BNNWGQF
Case #49: DGGVZK
Case #50: APJSUFJ